<?xml version="1.0" encoding="UTF-8"?>
<testsuite xmlns:xsi="http://www.w3.org/2001/XMLSchema-instance" xsi:noNamespaceSchemaLocation="https://maven.apache.org/surefire/maven-surefire-plugin/xsd/surefire-test-report-3.0.xsd" version="3.0" name="TestSuite" time="249.282" tests="13" errors="0" skipped="6" failures="3">
  <properties>
[...]
</properties>
  <testcase name="ValidLoginTest" classname="WebApp.MemberPortal.testcases.LoginPageTestCases" time="26.211">
    <system-out><![CDATA[[TestRunner] Running the tests in 'MemberPortalTestCases' with parallel mode:false
[RunInfo] Adding method selector: org.testng.internal.XmlMethodSelector@153f5a29 priority: 10
[TestClass] Creating TestClass for [ClassImpl class=WebApp.MemberPortal.testcases.LoginPageTestCases]
[TestClass] Adding method LoginPageTestCases.validLoginAbcAustinTest()[pri:0, instance:null] on TestClass class WebApp.MemberPortal.testcases.LoginPageTestCases
[TestClass] Adding method LoginPageTestCases.invalidPwdLoginTest()[pri:0, instance:null] on TestClass class WebApp.MemberPortal.testcases.LoginPageTestCases
[TestClass] Adding method LoginPageTestCases.ValidLoginTest()[pri:0, instance:null] on TestClass class WebApp.MemberPortal.testcases.LoginPageTestCases
[TestClass] Adding method LoginPageTestCases.LoginPageTitleTest()[pri:1, instance:null] on TestClass class WebApp.MemberPortal.testcases.LoginPageTestCases
[TestClass] Adding method LoginPageTestCases.verifyEmptyLoginErrorMsgTest()[pri:0, instance:null] on TestClass class WebApp.MemberPortal.testcases.LoginPageTestCases
[TestClass] Adding method LoginPageTestCases.signUpLinkTest()[pri:0, instance:null] on TestClass class WebApp.MemberPortal.testcases.LoginPageTestCases
[TestClass] Adding method LoginPageTestCases.invalidEmailLoginTest()[pri:0, instance:null] on TestClass class WebApp.MemberPortal.testcases.LoginPageTestCases
[XmlMethodSelector] Including method WebApp.MemberPortal.testcases.setUp()
[XmlMethodSelector] Including method WebApp.MemberPortal.BaseClass.tearDown()
[XmlMethodSelector] Including method WebApp.MemberPortal.testcases.validLoginAbcAustinTest()
[XmlMethodSelector] Including method WebApp.MemberPortal.testcases.invalidPwdLoginTest()
[XmlMethodSelector] Including method WebApp.MemberPortal.testcases.ValidLoginTest()
[XmlMethodSelector] Including method WebApp.MemberPortal.testcases.LoginPageTitleTest()
[XmlMethodSelector] Including method WebApp.MemberPortal.testcases.verifyEmptyLoginErrorMsgTest()
[XmlMethodSelector] Including method WebApp.MemberPortal.testcases.signUpLinkTest()
[XmlMethodSelector] Including method WebApp.MemberPortal.testcases.invalidEmailLoginTest()
[SuiteRunner] Created 1 TestRunners
[TestRunner] Running test MemberPortalTestCases on 1  classes,  included groups:[] excluded groups:[]
===== Test class
WebApp.MemberPortal.testcases.LoginPageTestCases
  @BeforeMethod LoginPageTestCases.setUp()[pri:0, instance:WebApp.MemberPortal.testcases.LoginPageTestCases@66a3ffec]
    @Test LoginPageTestCases.validLoginAbcAustinTest()[pri:0, instance:WebApp.MemberPortal.testcases.LoginPageTestCases@66a3ffec]
    @Test LoginPageTestCases.invalidPwdLoginTest()[pri:0, instance:WebApp.MemberPortal.testcases.LoginPageTestCases@66a3ffec]
    @Test LoginPageTestCases.ValidLoginTest()[pri:0, instance:WebApp.MemberPortal.testcases.LoginPageTestCases@66a3ffec]
    @Test LoginPageTestCases.LoginPageTitleTest()[pri:1, instance:WebApp.MemberPortal.testcases.LoginPageTestCases@66a3ffec]
    @Test LoginPageTestCases.verifyEmptyLoginErrorMsgTest()[pri:0, instance:WebApp.MemberPortal.testcases.LoginPageTestCases@66a3ffec]
    @Test LoginPageTestCases.signUpLinkTest()[pri:0, instance:WebApp.MemberPortal.testcases.LoginPageTestCases@66a3ffec]
    @Test LoginPageTestCases.invalidEmailLoginTest()[pri:0, instance:WebApp.MemberPortal.testcases.LoginPageTestCases@66a3ffec]
  @AfterMethod WebBase.tearDown()[pri:0, instance:WebApp.MemberPortal.testcases.LoginPageTestCases@66a3ffec]
======
[TestRunner] Starting executor for test MemberPortalTestCases with time out:2147483647 milliseconds.
[Invoker 1884130998] Invoking @BeforeMethod LoginPageTestCases.setUp()[pri:0, instance:WebApp.MemberPortal.testcases.LoginPageTestCases@66a3ffec]
Before navigating to: 'https://member-dev.smartac.com/login/'
Navigated to:'https://member-dev.smartac.com/login/'
[Invoker 1884130998] Invoking WebApp.MemberPortal.testcases.LoginPageTestCases.ValidLoginTest
Trying to find Element By : By.id: email
Found Element By : By.id: email
Trying to find Element By : By.id: email
Found Element By : By.id: email
Trying to find Element By : By.id: password
Found Element By : By.id: password
Trying to find Element By : By.id: password
Found Element By : By.id: password
Trying to find Element By : By.xpath: //button[@class='l-button']
Found Element By : By.xpath: //button[@class='l-button']
Trying to click on: [[ChromeDriver: chrome on windows (c08b2ea91353b819d4864a987e0637f5)] -> xpath: //button[@class='l-button']]
Clicked on: [[ChromeDriver: chrome on windows (c08b2ea91353b819d4864a987e0637f5)] -> xpath: //button[@class='l-button']]
Trying to find Element By : By.xpath: //div[text()=' Profile ' and @class='p-header']
Found Element By : By.xpath: //div[text()=' Profile ' and @class='p-header']
]]></system-out>
    <system-err><![CDATA[SLF4J: Failed to load class "org.slf4j.impl.StaticLoggerBinder".
SLF4J: Defaulting to no-operation (NOP) logger implementation
SLF4J: See http://www.slf4j.org/codes.html#StaticLoggerBinder for further details.
Sep 26, 2023 5:27:03 PM org.openqa.selenium.devtools.CdpVersionFinder findNearestMatch
WARNING: Unable to find an exact match for CDP version 116, so returning the closest version found: 115
]]></system-err>
  </testcase>
  <testcase name="invalidEmailLoginTest" classname="WebApp.MemberPortal.testcases.LoginPageTestCases" time="0.0">
    <skipped message="Keys to send should be a not null CharSequence"/>
    <system-out><![CDATA[[Invoker 1884130998] Invoking @AfterMethod WebBase.tearDown()[pri:0, instance:WebApp.MemberPortal.testcases.LoginPageTestCases@66a3ffec]
[Invoker 1884130998] Invoking @BeforeMethod LoginPageTestCases.setUp()[pri:0, instance:WebApp.MemberPortal.testcases.LoginPageTestCases@66a3ffec]
Before navigating to: 'https://member-dev.smartac.com/login/'
Navigated to:'https://member-dev.smartac.com/login/'
[Invoker 1884130998] Invoking WebApp.MemberPortal.testcases.LoginPageTestCases.invalidEmailLoginTest
Trying to find Element By : By.id: email
Found Element By : By.id: email
Trying to find Element By : By.id: email
Found Element By : By.id: email
Trying to find Element By : By.id: password
Found Element By : By.id: password
Trying to find Element By : By.id: password
Found Element By : By.id: password
Exception has been occured: java.lang.IllegalArgumentException: Keys to send should be a not null CharSequence
]]></system-out>
    <system-err><![CDATA[Sep 26, 2023 5:28:00 PM org.openqa.selenium.devtools.CdpVersionFinder findNearestMatch
WARNING: Unable to find an exact match for CDP version 116, so returning the closest version found: 115
]]></system-err>
  </testcase>
  <testcase name="invalidEmailLoginTest" classname="WebApp.MemberPortal.testcases.LoginPageTestCases" time="0.0">
    <skipped message="Keys to send should be a not null CharSequence"/>
    <system-out><![CDATA[[Invoker 1884130998] Invoking @AfterMethod WebBase.tearDown()[pri:0, instance:WebApp.MemberPortal.testcases.LoginPageTestCases@66a3ffec]
[Invoker 1884130998] Invoking @BeforeMethod LoginPageTestCases.setUp()[pri:0, instance:WebApp.MemberPortal.testcases.LoginPageTestCases@66a3ffec]
Before navigating to: 'https://member-dev.smartac.com/login/'
Navigated to:'https://member-dev.smartac.com/login/'
[Invoker 1884130998] Invoking WebApp.MemberPortal.testcases.LoginPageTestCases.invalidEmailLoginTest
Trying to find Element By : By.id: email
Found Element By : By.id: email
Trying to find Element By : By.id: email
Found Element By : By.id: email
Trying to find Element By : By.id: password
Found Element By : By.id: password
Trying to find Element By : By.id: password
Found Element By : By.id: password
Exception has been occured: java.lang.IllegalArgumentException: Keys to send should be a not null CharSequence
]]></system-out>
    <system-err><![CDATA[Sep 26, 2023 5:28:28 PM org.openqa.selenium.devtools.CdpVersionFinder findNearestMatch
WARNING: Unable to find an exact match for CDP version 116, so returning the closest version found: 115
]]></system-err>
  </testcase>
  <testcase name="invalidEmailLoginTest" classname="WebApp.MemberPortal.testcases.LoginPageTestCases" time="0.342">
    <failure message="Keys to send should be a not null CharSequence" type="java.lang.IllegalArgumentException"><![CDATA[java.lang.IllegalArgumentException: Keys to send should be a not null CharSequence
	at org.openqa.selenium.remote.RemoteWebElement.sendKeys(RemoteWebElement.java:97)
	at sun.reflect.NativeMethodAccessorImpl.invoke0(Native Method)
	at sun.reflect.NativeMethodAccessorImpl.invoke(Unknown Source)
	at sun.reflect.DelegatingMethodAccessorImpl.invoke(Unknown Source)
	at java.lang.reflect.Method.invoke(Unknown Source)
	at org.openqa.selenium.support.events.EventFiringWebDriver$EventFiringWebElement.lambda$new$0(EventFiringWebDriver.java:375)
	at com.sun.proxy.$Proxy16.sendKeys(Unknown Source)
	at org.openqa.selenium.support.events.EventFiringWebDriver$EventFiringWebElement.sendKeys(EventFiringWebDriver.java:399)
	at sun.reflect.NativeMethodAccessorImpl.invoke0(Native Method)
	at sun.reflect.NativeMethodAccessorImpl.invoke(Unknown Source)
	at sun.reflect.DelegatingMethodAccessorImpl.invoke(Unknown Source)
	at java.lang.reflect.Method.invoke(Unknown Source)
	at org.openqa.selenium.support.pagefactory.internal.LocatingElementHandler.invoke(LocatingElementHandler.java:51)
	at com.sun.proxy.$Proxy15.sendKeys(Unknown Source)
	at WebApp.MemberPortal.Pages.LoginPage.invalidEmailLogin(LoginPage.java:109)
	at WebApp.MemberPortal.testcases.LoginPageTestCases.invalidEmailLoginTest(LoginPageTestCases.java:87)
	at sun.reflect.NativeMethodAccessorImpl.invoke0(Native Method)
	at sun.reflect.NativeMethodAccessorImpl.invoke(Unknown Source)
	at sun.reflect.DelegatingMethodAccessorImpl.invoke(Unknown Source)
	at java.lang.reflect.Method.invoke(Unknown Source)
	at org.testng.internal.MethodInvocationHelper.invokeMethod(MethodInvocationHelper.java:86)
	at org.testng.internal.Invoker.invokeMethod(Invoker.java:643)
	at org.testng.internal.Invoker.retryFailed(Invoker.java:967)
	at org.testng.internal.Invoker.invokeTestMethods(Invoker.java:1146)
	at org.testng.internal.TestMethodWorker.invokeTestMethods(TestMethodWorker.java:129)
	at org.testng.internal.TestMethodWorker.run(TestMethodWorker.java:112)
	at java.util.concurrent.ThreadPoolExecutor.runWorker(Unknown Source)
	at java.util.concurrent.ThreadPoolExecutor$Worker.run(Unknown Source)
	at java.lang.Thread.run(Unknown Source)
]]></failure>
    <system-out><![CDATA[[Invoker 1884130998] Invoking @AfterMethod WebBase.tearDown()[pri:0, instance:WebApp.MemberPortal.testcases.LoginPageTestCases@66a3ffec]
[Invoker 1884130998] Invoking @BeforeMethod LoginPageTestCases.setUp()[pri:0, instance:WebApp.MemberPortal.testcases.LoginPageTestCases@66a3ffec]
Before navigating to: 'https://member-dev.smartac.com/login/'
Navigated to:'https://member-dev.smartac.com/login/'
[Invoker 1884130998] Invoking WebApp.MemberPortal.testcases.LoginPageTestCases.invalidEmailLoginTest
Trying to find Element By : By.id: email
Found Element By : By.id: email
Trying to find Element By : By.id: email
Found Element By : By.id: email
Trying to find Element By : By.id: password
Found Element By : By.id: password
Trying to find Element By : By.id: password
Found Element By : By.id: password
Exception has been occured: java.lang.IllegalArgumentException: Keys to send should be a not null CharSequence
Test case is failed and screenshot is taken
]]></system-out>
    <system-err><![CDATA[Sep 26, 2023 5:28:42 PM org.openqa.selenium.devtools.CdpVersionFinder findNearestMatch
WARNING: Unable to find an exact match for CDP version 116, so returning the closest version found: 115
]]></system-err>
  </testcase>
  <testcase name="invalidPwdLoginTest" classname="WebApp.MemberPortal.testcases.LoginPageTestCases" time="0.0">
    <skipped message="Keys to send should be a not null CharSequence"/>
    <system-out><![CDATA[[Invoker 1884130998] Invoking @AfterMethod WebBase.tearDown()[pri:0, instance:WebApp.MemberPortal.testcases.LoginPageTestCases@66a3ffec]
[Invoker 1884130998] Invoking @BeforeMethod LoginPageTestCases.setUp()[pri:0, instance:WebApp.MemberPortal.testcases.LoginPageTestCases@66a3ffec]
Before navigating to: 'https://member-dev.smartac.com/login/'
Navigated to:'https://member-dev.smartac.com/login/'
[Invoker 1884130998] Invoking WebApp.MemberPortal.testcases.LoginPageTestCases.invalidPwdLoginTest
Trying to find Element By : By.id: email
Found Element By : By.id: email
Trying to find Element By : By.id: email
Found Element By : By.id: email
Exception has been occured: java.lang.IllegalArgumentException: Keys to send should be a not null CharSequence
]]></system-out>
    <system-err><![CDATA[Sep 26, 2023 5:28:57 PM org.openqa.selenium.devtools.CdpVersionFinder findNearestMatch
WARNING: Unable to find an exact match for CDP version 116, so returning the closest version found: 115
]]></system-err>
  </testcase>
  <testcase name="invalidPwdLoginTest" classname="WebApp.MemberPortal.testcases.LoginPageTestCases" time="0.0">
    <skipped message="Keys to send should be a not null CharSequence"/>
    <system-out><![CDATA[[Invoker 1884130998] Invoking @AfterMethod WebBase.tearDown()[pri:0, instance:WebApp.MemberPortal.testcases.LoginPageTestCases@66a3ffec]
[Invoker 1884130998] Invoking @BeforeMethod LoginPageTestCases.setUp()[pri:0, instance:WebApp.MemberPortal.testcases.LoginPageTestCases@66a3ffec]
Before navigating to: 'https://member-dev.smartac.com/login/'
Navigated to:'https://member-dev.smartac.com/login/'
[Invoker 1884130998] Invoking WebApp.MemberPortal.testcases.LoginPageTestCases.invalidPwdLoginTest
Trying to find Element By : By.id: email
Found Element By : By.id: email
Trying to find Element By : By.id: email
Found Element By : By.id: email
Exception has been occured: java.lang.IllegalArgumentException: Keys to send should be a not null CharSequence
]]></system-out>
    <system-err><![CDATA[Sep 26, 2023 5:29:09 PM org.openqa.selenium.devtools.CdpVersionFinder findNearestMatch
WARNING: Unable to find an exact match for CDP version 116, so returning the closest version found: 115
]]></system-err>
  </testcase>
  <testcase name="invalidPwdLoginTest" classname="WebApp.MemberPortal.testcases.LoginPageTestCases" time="0.296">
    <failure message="Keys to send should be a not null CharSequence" type="java.lang.IllegalArgumentException"><![CDATA[java.lang.IllegalArgumentException: Keys to send should be a not null CharSequence
	at org.openqa.selenium.remote.RemoteWebElement.sendKeys(RemoteWebElement.java:97)
	at sun.reflect.GeneratedMethodAccessor12.invoke(Unknown Source)
	at sun.reflect.DelegatingMethodAccessorImpl.invoke(Unknown Source)
	at java.lang.reflect.Method.invoke(Unknown Source)
	at org.openqa.selenium.support.events.EventFiringWebDriver$EventFiringWebElement.lambda$new$0(EventFiringWebDriver.java:375)
	at com.sun.proxy.$Proxy16.sendKeys(Unknown Source)
	at org.openqa.selenium.support.events.EventFiringWebDriver$EventFiringWebElement.sendKeys(EventFiringWebDriver.java:399)
	at sun.reflect.GeneratedMethodAccessor12.invoke(Unknown Source)
	at sun.reflect.DelegatingMethodAccessorImpl.invoke(Unknown Source)
	at java.lang.reflect.Method.invoke(Unknown Source)
	at org.openqa.selenium.support.pagefactory.internal.LocatingElementHandler.invoke(LocatingElementHandler.java:51)
	at com.sun.proxy.$Proxy15.sendKeys(Unknown Source)
	at WebApp.MemberPortal.Pages.LoginPage.invalidPwdLogin(LoginPage.java:95)
	at WebApp.MemberPortal.testcases.LoginPageTestCases.invalidPwdLoginTest(LoginPageTestCases.java:81)
	at sun.reflect.NativeMethodAccessorImpl.invoke0(Native Method)
	at sun.reflect.NativeMethodAccessorImpl.invoke(Unknown Source)
	at sun.reflect.DelegatingMethodAccessorImpl.invoke(Unknown Source)
	at java.lang.reflect.Method.invoke(Unknown Source)
	at org.testng.internal.MethodInvocationHelper.invokeMethod(MethodInvocationHelper.java:86)
	at org.testng.internal.Invoker.invokeMethod(Invoker.java:643)
	at org.testng.internal.Invoker.retryFailed(Invoker.java:967)
	at org.testng.internal.Invoker.invokeTestMethods(Invoker.java:1146)
	at org.testng.internal.TestMethodWorker.invokeTestMethods(TestMethodWorker.java:129)
	at org.testng.internal.TestMethodWorker.run(TestMethodWorker.java:112)
	at java.util.concurrent.ThreadPoolExecutor.runWorker(Unknown Source)
	at java.util.concurrent.ThreadPoolExecutor$Worker.run(Unknown Source)
	at java.lang.Thread.run(Unknown Source)
]]></failure>
    <system-out><![CDATA[[Invoker 1884130998] Invoking @AfterMethod WebBase.tearDown()[pri:0, instance:WebApp.MemberPortal.testcases.LoginPageTestCases@66a3ffec]
[Invoker 1884130998] Invoking @BeforeMethod LoginPageTestCases.setUp()[pri:0, instance:WebApp.MemberPortal.testcases.LoginPageTestCases@66a3ffec]
Before navigating to: 'https://member-dev.smartac.com/login/'
Navigated to:'https://member-dev.smartac.com/login/'
[Invoker 1884130998] Invoking WebApp.MemberPortal.testcases.LoginPageTestCases.invalidPwdLoginTest
Trying to find Element By : By.id: email
Found Element By : By.id: email
Trying to find Element By : By.id: email
Found Element By : By.id: email
Exception has been occured: java.lang.IllegalArgumentException: Keys to send should be a not null CharSequence
Test case is failed and screenshot is taken
]]></system-out>
    <system-err><![CDATA[Sep 26, 2023 5:29:22 PM org.openqa.selenium.devtools.CdpVersionFinder findNearestMatch
WARNING: Unable to find an exact match for CDP version 116, so returning the closest version found: 115
]]></system-err>
  </testcase>
  <testcase name="signUpLinkTest" classname="WebApp.MemberPortal.testcases.LoginPageTestCases" time="0.0">
    <skipped/>
    <system-out><![CDATA[[Invoker 1884130998] Invoking @AfterMethod WebBase.tearDown()[pri:0, instance:WebApp.MemberPortal.testcases.LoginPageTestCases@66a3ffec]
[Invoker 1884130998] Invoking @BeforeMethod LoginPageTestCases.setUp()[pri:0, instance:WebApp.MemberPortal.testcases.LoginPageTestCases@66a3ffec]
Before navigating to: 'https://member-dev.smartac.com/login/'
Navigated to:'https://member-dev.smartac.com/login/'
[Invoker 1884130998] Invoking WebApp.MemberPortal.testcases.LoginPageTestCases.signUpLinkTest
]]></system-out>
    <system-err><![CDATA[Sep 26, 2023 5:29:36 PM org.openqa.selenium.devtools.CdpVersionFinder findNearestMatch
WARNING: Unable to find an exact match for CDP version 116, so returning the closest version found: 115
]]></system-err>
  </testcase>
  <testcase name="signUpLinkTest" classname="WebApp.MemberPortal.testcases.LoginPageTestCases" time="0.0">
    <skipped/>
    <system-out><![CDATA[[Invoker 1884130998] Invoking @AfterMethod WebBase.tearDown()[pri:0, instance:WebApp.MemberPortal.testcases.LoginPageTestCases@66a3ffec]
[Invoker 1884130998] Invoking @BeforeMethod LoginPageTestCases.setUp()[pri:0, instance:WebApp.MemberPortal.testcases.LoginPageTestCases@66a3ffec]
Before navigating to: 'https://member-dev.smartac.com/login/'
Navigated to:'https://member-dev.smartac.com/login/'
[Invoker 1884130998] Invoking WebApp.MemberPortal.testcases.LoginPageTestCases.signUpLinkTest
]]></system-out>
    <system-err><![CDATA[Sep 26, 2023 5:29:51 PM org.openqa.selenium.devtools.CdpVersionFinder findNearestMatch
WARNING: Unable to find an exact match for CDP version 116, so returning the closest version found: 115
]]></system-err>
  </testcase>
  <testcase name="signUpLinkTest" classname="WebApp.MemberPortal.testcases.LoginPageTestCases" time="0.328">
    <failure type="java.lang.NullPointerException"><![CDATA[java.lang.NullPointerException
	at WebApp.MemberPortal.Pages.LoginPage.signUpLink(LoginPage.java:133)
	at WebApp.MemberPortal.testcases.LoginPageTestCases.signUpLinkTest(LoginPageTestCases.java:121)
	at sun.reflect.NativeMethodAccessorImpl.invoke0(Native Method)
	at sun.reflect.NativeMethodAccessorImpl.invoke(Unknown Source)
	at sun.reflect.DelegatingMethodAccessorImpl.invoke(Unknown Source)
	at java.lang.reflect.Method.invoke(Unknown Source)
	at org.testng.internal.MethodInvocationHelper.invokeMethod(MethodInvocationHelper.java:86)
	at org.testng.internal.Invoker.invokeMethod(Invoker.java:643)
	at org.testng.internal.Invoker.retryFailed(Invoker.java:967)
	at org.testng.internal.Invoker.invokeTestMethods(Invoker.java:1146)
	at org.testng.internal.TestMethodWorker.invokeTestMethods(TestMethodWorker.java:129)
	at org.testng.internal.TestMethodWorker.run(TestMethodWorker.java:112)
	at java.util.concurrent.ThreadPoolExecutor.runWorker(Unknown Source)
	at java.util.concurrent.ThreadPoolExecutor$Worker.run(Unknown Source)
	at java.lang.Thread.run(Unknown Source)
]]></failure>
    <system-out><![CDATA[[Invoker 1884130998] Invoking @AfterMethod WebBase.tearDown()[pri:0, instance:WebApp.MemberPortal.testcases.LoginPageTestCases@66a3ffec]
[Invoker 1884130998] Invoking @BeforeMethod LoginPageTestCases.setUp()[pri:0, instance:WebApp.MemberPortal.testcases.LoginPageTestCases@66a3ffec]
Before navigating to: 'https://member-dev.smartac.com/login/'
Navigated to:'https://member-dev.smartac.com/login/'
[Invoker 1884130998] Invoking WebApp.MemberPortal.testcases.LoginPageTestCases.signUpLinkTest
Test case is failed and screenshot is taken
]]></system-out>
    <system-err><![CDATA[Sep 26, 2023 5:30:04 PM org.openqa.selenium.devtools.CdpVersionFinder findNearestMatch
WARNING: Unable to find an exact match for CDP version 116, so returning the closest version found: 115
]]></system-err>
  </testcase>
  <testcase name="validLoginAbcAustinTest" classname="WebApp.MemberPortal.testcases.LoginPageTestCases" time="11.446">
    <system-out><![CDATA[[Invoker 1884130998] Invoking @AfterMethod WebBase.tearDown()[pri:0, instance:WebApp.MemberPortal.testcases.LoginPageTestCases@66a3ffec]
[Invoker 1884130998] Invoking @BeforeMethod LoginPageTestCases.setUp()[pri:0, instance:WebApp.MemberPortal.testcases.LoginPageTestCases@66a3ffec]
Before navigating to: 'https://member-dev.smartac.com/login/'
Navigated to:'https://member-dev.smartac.com/login/'
[Invoker 1884130998] Invoking WebApp.MemberPortal.testcases.LoginPageTestCases.validLoginAbcAustinTest
Trying to find Element By : By.id: email
Found Element By : By.id: email
Trying to find Element By : By.id: email
Found Element By : By.id: email
Trying to find Element By : By.id: password
Found Element By : By.id: password
Trying to find Element By : By.id: password
Found Element By : By.id: password
Trying to find Element By : By.xpath: //button[@class='l-button']
Found Element By : By.xpath: //button[@class='l-button']
Trying to click on: [[ChromeDriver: chrome on windows (bc8c99047e8830a4ce600f1073c9ca2a)] -> xpath: //button[@class='l-button']]
Clicked on: [[ChromeDriver: chrome on windows (bc8c99047e8830a4ce600f1073c9ca2a)] -> xpath: //button[@class='l-button']]
Trying to find Element By : By.xpath: //b[text()='abc.agarza@gmail.com']
Found Element By : By.xpath: //b[text()='abc.agarza@gmail.com']
]]></system-out>
    <system-err><![CDATA[Sep 26, 2023 5:30:17 PM org.openqa.selenium.devtools.CdpVersionFinder findNearestMatch
WARNING: Unable to find an exact match for CDP version 116, so returning the closest version found: 115
]]></system-err>
  </testcase>
  <testcase name="verifyEmptyLoginErrorMsgTest" classname="WebApp.MemberPortal.testcases.LoginPageTestCases" time="0.214">
    <system-out><![CDATA[[Invoker 1884130998] Invoking @AfterMethod WebBase.tearDown()[pri:0, instance:WebApp.MemberPortal.testcases.LoginPageTestCases@66a3ffec]
[Invoker 1884130998] Invoking @BeforeMethod LoginPageTestCases.setUp()[pri:0, instance:WebApp.MemberPortal.testcases.LoginPageTestCases@66a3ffec]
Before navigating to: 'https://member-dev.smartac.com/login/'
Navigated to:'https://member-dev.smartac.com/login/'
[Invoker 1884130998] Invoking WebApp.MemberPortal.testcases.LoginPageTestCases.verifyEmptyLoginErrorMsgTest
Trying to find Element By : By.id: email
Found Element By : By.id: email
Trying to find Element By : By.id: password
Found Element By : By.id: password
Trying to find Element By : By.xpath: //button[@class='l-button']
Found Element By : By.xpath: //button[@class='l-button']
Trying to click on: [[ChromeDriver: chrome on windows (10a18066c4ac13810ab0eec906c30a53)] -> xpath: //button[@class='l-button']]
Clicked on: [[ChromeDriver: chrome on windows (10a18066c4ac13810ab0eec906c30a53)] -> xpath: //button[@class='l-button']]
Trying to find Element By : By.xpath: //div[contains(text(),'Email is required.') and @class='error-message']
Found Element By : By.xpath: //div[contains(text(),'Email is required.') and @class='error-message']
Trying to find Element By : By.xpath: //div[contains(text(),'Password is required.') and @class='error-message']
Found Element By : By.xpath: //div[contains(text(),'Password is required.') and @class='error-message']
Trying to find Element By : By.xpath: //div[contains(text(),'Email is required.') and @class='error-message']
Found Element By : By.xpath: //div[contains(text(),'Email is required.') and @class='error-message']
Trying to find Element By : By.xpath: //div[contains(text(),'Password is required.') and @class='error-message']
Found Element By : By.xpath: //div[contains(text(),'Password is required.') and @class='error-message']
]]></system-out>
    <system-err><![CDATA[Sep 26, 2023 5:30:41 PM org.openqa.selenium.devtools.CdpVersionFinder findNearestMatch
WARNING: Unable to find an exact match for CDP version 116, so returning the closest version found: 115
]]></system-err>
  </testcase>
  <testcase name="LoginPageTitleTest" classname="WebApp.MemberPortal.testcases.LoginPageTestCases" time="0.01">
    <system-out><![CDATA[[Invoker 1884130998] Invoking @AfterMethod WebBase.tearDown()[pri:0, instance:WebApp.MemberPortal.testcases.LoginPageTestCases@66a3ffec]
[Invoker 1884130998] Invoking @BeforeMethod LoginPageTestCases.setUp()[pri:0, instance:WebApp.MemberPortal.testcases.LoginPageTestCases@66a3ffec]
Before navigating to: 'https://member-dev.smartac.com/login/'
Navigated to:'https://member-dev.smartac.com/login/'
[Invoker 1884130998] Invoking WebApp.MemberPortal.testcases.LoginPageTestCases.LoginPageTitleTest
]]></system-out>
    <system-err><![CDATA[Sep 26, 2023 5:30:54 PM org.openqa.selenium.devtools.CdpVersionFinder findNearestMatch
WARNING: Unable to find an exact match for CDP version 116, so returning the closest version found: 115
]]></system-err>
  </testcase>
</testsuite>