<?xml version="1.0" encoding="UTF-8"?>
<testng-results skipped="7" failed="0" total="7" passed="0">
  <reporter-output>
  </reporter-output>
  <suite name="MemberPortal" duration-ms="128638" started-at="2023-08-31T12:20:00Z" finished-at="2023-08-31T12:22:08Z">
    <groups>
    </groups>
    <test name="MemberPortalTestCases" duration-ms="128638" started-at="2023-08-31T12:20:00Z" finished-at="2023-08-31T12:22:08Z">
      <class name="WebApp.MemberPortal.testcases.LoginPageTestCases">
        <test-method status="FAIL" signature="setUp()[pri:0, instance:WebApp.MemberPortal.testcases.LoginPageTestCases@64bf3bbf]" name="setUp" is-config="true" duration-ms="0" started-at="2023-08-31T17:50:00Z" finished-at="2023-08-31T17:50:00Z">
          <exception class="org.openqa.selenium.TimeoutException">
            <message>
              <![CDATA[timeout: Timed out receiving message from renderer: 118.094
  (Session info: chrome=116.0.5845.141)
Build info: version: '4.11.0', revision: '040bc5406b'
System info: os.name: 'Windows 10', os.arch: 'amd64', os.version: '10.0', java.version: '1.8.0_331'
Driver info: org.openqa.selenium.chrome.ChromeDriver
Command: [eeeeef4263d765d79e24d301fd4d3cc1, get {url=https://member-dev.smartac.com/login/}]
Capabilities {acceptInsecureCerts: false, browserName: chrome, browserVersion: 116.0.5845.141, chrome: {chromedriverVersion: 116.0.5845.96 (1a3918166880..., userDataDir: C:\Users\SCHOUD~1\AppData\L...}, fedcm:accounts: true, goog:chromeOptions: {debuggerAddress: localhost:60085}, networkConnectionEnabled: false, pageLoadStrategy: normal, platformName: windows, proxy: Proxy(), se:cdp: ws://localhost:60085/devtoo..., se:cdpVersion: 116.0.5845.141, setWindowRect: true, strictFileInteractability: false, timeouts: {implicit: 0, pageLoad: 300000, script: 30000}, unhandledPromptBehavior: dismiss and notify, webauthn:extension:credBlob: true, webauthn:extension:largeBlob: true, webauthn:extension:minPinLength: true, webauthn:extension:prf: true, webauthn:virtualAuthenticators: true}
Session ID: eeeeef4263d765d79e24d301fd4d3cc1]]>
            </message>
            <full-stacktrace>
              <![CDATA[org.openqa.selenium.TimeoutException: timeout: Timed out receiving message from renderer: 118.094
  (Session info: chrome=116.0.5845.141)
Build info: version: '4.11.0', revision: '040bc5406b'
System info: os.name: 'Windows 10', os.arch: 'amd64', os.version: '10.0', java.version: '1.8.0_331'
Driver info: org.openqa.selenium.chrome.ChromeDriver
Command: [eeeeef4263d765d79e24d301fd4d3cc1, get {url=https://member-dev.smartac.com/login/}]
Capabilities {acceptInsecureCerts: false, browserName: chrome, browserVersion: 116.0.5845.141, chrome: {chromedriverVersion: 116.0.5845.96 (1a3918166880..., userDataDir: C:\Users\SCHOUD~1\AppData\L...}, fedcm:accounts: true, goog:chromeOptions: {debuggerAddress: localhost:60085}, networkConnectionEnabled: false, pageLoadStrategy: normal, platformName: windows, proxy: Proxy(), se:cdp: ws://localhost:60085/devtoo..., se:cdpVersion: 116.0.5845.141, setWindowRect: true, strictFileInteractability: false, timeouts: {implicit: 0, pageLoad: 300000, script: 30000}, unhandledPromptBehavior: dismiss and notify, webauthn:extension:credBlob: true, webauthn:extension:largeBlob: true, webauthn:extension:minPinLength: true, webauthn:extension:prf: true, webauthn:virtualAuthenticators: true}
Session ID: eeeeef4263d765d79e24d301fd4d3cc1
	at sun.reflect.NativeConstructorAccessorImpl.newInstance0(Native Method)
	at sun.reflect.NativeConstructorAccessorImpl.newInstance(Unknown Source)
	at sun.reflect.DelegatingConstructorAccessorImpl.newInstance(Unknown Source)
	at java.lang.reflect.Constructor.newInstance(Unknown Source)
	at org.openqa.selenium.remote.codec.w3c.W3CHttpResponseCodec.createException(W3CHttpResponseCodec.java:200)
	at org.openqa.selenium.remote.codec.w3c.W3CHttpResponseCodec.decode(W3CHttpResponseCodec.java:133)
	at org.openqa.selenium.remote.codec.w3c.W3CHttpResponseCodec.decode(W3CHttpResponseCodec.java:52)
	at org.openqa.selenium.remote.HttpCommandExecutor.execute(HttpCommandExecutor.java:191)
	at org.openqa.selenium.remote.service.DriverCommandExecutor.invokeExecute(DriverCommandExecutor.java:196)
	at org.openqa.selenium.remote.service.DriverCommandExecutor.execute(DriverCommandExecutor.java:171)
	at org.openqa.selenium.remote.RemoteWebDriver.execute(RemoteWebDriver.java:518)
	at org.openqa.selenium.remote.RemoteWebDriver.get(RemoteWebDriver.java:300)
	at sun.reflect.NativeMethodAccessorImpl.invoke0(Native Method)
	at sun.reflect.NativeMethodAccessorImpl.invoke(Unknown Source)
	at sun.reflect.DelegatingMethodAccessorImpl.invoke(Unknown Source)
	at java.lang.reflect.Method.invoke(Unknown Source)
	at org.openqa.selenium.support.events.EventFiringWebDriver.lambda$new$1(EventFiringWebDriver.java:107)
	at com.sun.proxy.$Proxy13.get(Unknown Source)
	at org.openqa.selenium.support.events.EventFiringWebDriver.get(EventFiringWebDriver.java:165)
	at WebApp.MemberPortal.BaseClass.WebBase.init(WebBase.java:98)
	at WebApp.MemberPortal.testcases.LoginPageTestCases.setUp(LoginPageTestCases.java:35)
	at sun.reflect.NativeMethodAccessorImpl.invoke0(Native Method)
	at sun.reflect.NativeMethodAccessorImpl.invoke(Unknown Source)
	at sun.reflect.DelegatingMethodAccessorImpl.invoke(Unknown Source)
	at java.lang.reflect.Method.invoke(Unknown Source)
	at org.testng.internal.MethodInvocationHelper.invokeMethod(MethodInvocationHelper.java:86)
	at org.testng.internal.Invoker.invokeConfigurationMethod(Invoker.java:514)
	at org.testng.internal.Invoker.invokeConfigurations(Invoker.java:215)
	at org.testng.internal.Invoker.invokeMethod(Invoker.java:589)
	at org.testng.internal.Invoker.invokeTestMethod(Invoker.java:820)
	at org.testng.internal.Invoker.invokeTestMethods(Invoker.java:1128)
	at org.testng.internal.TestMethodWorker.invokeTestMethods(TestMethodWorker.java:129)
	at org.testng.internal.TestMethodWorker.run(TestMethodWorker.java:112)
	at java.util.concurrent.ThreadPoolExecutor.runWorker(Unknown Source)
	at java.util.concurrent.ThreadPoolExecutor$Worker.run(Unknown Source)
	at java.lang.Thread.run(Unknown Source)
]]>
            </full-stacktrace>
          </exception> <!-- org.openqa.selenium.TimeoutException -->
          <reporter-output>
          </reporter-output>
        </test-method> <!-- setUp -->
        <test-method status="SKIP" signature="ValidLoginTest()[pri:0, instance:WebApp.MemberPortal.testcases.LoginPageTestCases@64bf3bbf]" name="ValidLoginTest" duration-ms="1" started-at="2023-08-31T17:52:08Z" finished-at="2023-08-31T17:52:08Z">
          <reporter-output>
          </reporter-output>
        </test-method> <!-- ValidLoginTest -->
        <test-method status="SKIP" signature="tearDown()[pri:0, instance:WebApp.MemberPortal.testcases.LoginPageTestCases@64bf3bbf]" name="tearDown" is-config="true" duration-ms="0" started-at="2023-08-31T17:52:08Z" finished-at="2023-08-31T17:52:08Z">
          <reporter-output>
          </reporter-output>
        </test-method> <!-- tearDown -->
        <test-method status="SKIP" signature="setUp()[pri:0, instance:WebApp.MemberPortal.testcases.LoginPageTestCases@64bf3bbf]" name="setUp" is-config="true" duration-ms="0" started-at="2023-08-31T17:52:08Z" finished-at="2023-08-31T17:52:08Z">
          <reporter-output>
          </reporter-output>
        </test-method> <!-- setUp -->
        <test-method status="SKIP" signature="invalidEmailLoginTest()[pri:0, instance:WebApp.MemberPortal.testcases.LoginPageTestCases@64bf3bbf]" name="invalidEmailLoginTest" duration-ms="1" started-at="2023-08-31T17:52:08Z" finished-at="2023-08-31T17:52:08Z">
          <reporter-output>
          </reporter-output>
        </test-method> <!-- invalidEmailLoginTest -->
        <test-method status="SKIP" signature="tearDown()[pri:0, instance:WebApp.MemberPortal.testcases.LoginPageTestCases@64bf3bbf]" name="tearDown" is-config="true" duration-ms="0" started-at="2023-08-31T17:52:08Z" finished-at="2023-08-31T17:52:08Z">
          <reporter-output>
          </reporter-output>
        </test-method> <!-- tearDown -->
        <test-method status="SKIP" signature="setUp()[pri:0, instance:WebApp.MemberPortal.testcases.LoginPageTestCases@64bf3bbf]" name="setUp" is-config="true" duration-ms="0" started-at="2023-08-31T17:52:08Z" finished-at="2023-08-31T17:52:08Z">
          <reporter-output>
          </reporter-output>
        </test-method> <!-- setUp -->
        <test-method status="SKIP" signature="invalidPwdLoginTest()[pri:0, instance:WebApp.MemberPortal.testcases.LoginPageTestCases@64bf3bbf]" name="invalidPwdLoginTest" duration-ms="1" started-at="2023-08-31T17:52:08Z" finished-at="2023-08-31T17:52:08Z">
          <reporter-output>
          </reporter-output>
        </test-method> <!-- invalidPwdLoginTest -->
        <test-method status="SKIP" signature="tearDown()[pri:0, instance:WebApp.MemberPortal.testcases.LoginPageTestCases@64bf3bbf]" name="tearDown" is-config="true" duration-ms="0" started-at="2023-08-31T17:52:08Z" finished-at="2023-08-31T17:52:08Z">
          <reporter-output>
          </reporter-output>
        </test-method> <!-- tearDown -->
        <test-method status="SKIP" signature="setUp()[pri:0, instance:WebApp.MemberPortal.testcases.LoginPageTestCases@64bf3bbf]" name="setUp" is-config="true" duration-ms="0" started-at="2023-08-31T17:52:08Z" finished-at="2023-08-31T17:52:08Z">
          <reporter-output>
          </reporter-output>
        </test-method> <!-- setUp -->
        <test-method status="SKIP" signature="signUpLinkTest()[pri:0, instance:WebApp.MemberPortal.testcases.LoginPageTestCases@64bf3bbf]" name="signUpLinkTest" duration-ms="2" started-at="2023-08-31T17:52:08Z" finished-at="2023-08-31T17:52:08Z">
          <reporter-output>
          </reporter-output>
        </test-method> <!-- signUpLinkTest -->
        <test-method status="SKIP" signature="tearDown()[pri:0, instance:WebApp.MemberPortal.testcases.LoginPageTestCases@64bf3bbf]" name="tearDown" is-config="true" duration-ms="0" started-at="2023-08-31T17:52:08Z" finished-at="2023-08-31T17:52:08Z">
          <reporter-output>
          </reporter-output>
        </test-method> <!-- tearDown -->
        <test-method status="SKIP" signature="validLoginAbcAustinTest()[pri:0, instance:WebApp.MemberPortal.testcases.LoginPageTestCases@64bf3bbf]" name="validLoginAbcAustinTest" duration-ms="1" started-at="2023-08-31T17:52:08Z" finished-at="2023-08-31T17:52:08Z">
          <reporter-output>
          </reporter-output>
        </test-method> <!-- validLoginAbcAustinTest -->
        <test-method status="SKIP" signature="setUp()[pri:0, instance:WebApp.MemberPortal.testcases.LoginPageTestCases@64bf3bbf]" name="setUp" is-config="true" duration-ms="0" started-at="2023-08-31T17:52:08Z" finished-at="2023-08-31T17:52:08Z">
          <reporter-output>
          </reporter-output>
        </test-method> <!-- setUp -->
        <test-method status="SKIP" signature="tearDown()[pri:0, instance:WebApp.MemberPortal.testcases.LoginPageTestCases@64bf3bbf]" name="tearDown" is-config="true" duration-ms="0" started-at="2023-08-31T17:52:08Z" finished-at="2023-08-31T17:52:08Z">
          <reporter-output>
          </reporter-output>
        </test-method> <!-- tearDown -->
        <test-method status="SKIP" signature="setUp()[pri:0, instance:WebApp.MemberPortal.testcases.LoginPageTestCases@64bf3bbf]" name="setUp" is-config="true" duration-ms="0" started-at="2023-08-31T17:52:08Z" finished-at="2023-08-31T17:52:08Z">
          <reporter-output>
          </reporter-output>
        </test-method> <!-- setUp -->
        <test-method status="SKIP" signature="verifyEmptyLoginErrorMsgTest()[pri:0, instance:WebApp.MemberPortal.testcases.LoginPageTestCases@64bf3bbf]" name="verifyEmptyLoginErrorMsgTest" duration-ms="0" started-at="2023-08-31T17:52:08Z" finished-at="2023-08-31T17:52:08Z">
          <reporter-output>
          </reporter-output>
        </test-method> <!-- verifyEmptyLoginErrorMsgTest -->
        <test-method status="SKIP" signature="tearDown()[pri:0, instance:WebApp.MemberPortal.testcases.LoginPageTestCases@64bf3bbf]" name="tearDown" is-config="true" duration-ms="0" started-at="2023-08-31T17:52:08Z" finished-at="2023-08-31T17:52:08Z">
          <reporter-output>
          </reporter-output>
        </test-method> <!-- tearDown -->
        <test-method status="SKIP" signature="setUp()[pri:0, instance:WebApp.MemberPortal.testcases.LoginPageTestCases@64bf3bbf]" name="setUp" is-config="true" duration-ms="0" started-at="2023-08-31T17:52:08Z" finished-at="2023-08-31T17:52:08Z">
          <reporter-output>
          </reporter-output>
        </test-method> <!-- setUp -->
        <test-method status="SKIP" signature="LoginPageTitleTest()[pri:1, instance:WebApp.MemberPortal.testcases.LoginPageTestCases@64bf3bbf]" name="LoginPageTitleTest" duration-ms="1" started-at="2023-08-31T17:52:08Z" finished-at="2023-08-31T17:52:08Z">
          <reporter-output>
          </reporter-output>
        </test-method> <!-- LoginPageTitleTest -->
        <test-method status="SKIP" signature="tearDown()[pri:0, instance:WebApp.MemberPortal.testcases.LoginPageTestCases@64bf3bbf]" name="tearDown" is-config="true" duration-ms="0" started-at="2023-08-31T17:52:08Z" finished-at="2023-08-31T17:52:08Z">
          <reporter-output>
          </reporter-output>
        </test-method> <!-- tearDown -->
      </class> <!-- WebApp.MemberPortal.testcases.LoginPageTestCases -->
    </test> <!-- MemberPortalTestCases -->
  </suite> <!-- MemberPortal -->
</testng-results>
